Started server process [7760]
Waiting for application startup.
Application startup complete.
Shutting down
Waiting for application shutdown.
Application shutdown complete.
Finished server process [7760]
Started server process [17072]
Waiting for application startup.
Application startup complete.
Shutting down
Waiting for application shutdown.
Application shutdown complete.
Finished server process [17072]
Started server process [19916]
Waiting for application startup.
Application startup complete.
Shutting down
Waiting for application shutdown.
Application shutdown complete.
Finished server process [19916]
Started server process [17256]
Waiting for application startup.
Application startup complete.
Shutting down
Waiting for application shutdown.
Application shutdown complete.
Finished server process [17256]
Started server process [7796]
Waiting for application startup.
Application startup complete.
Shutting down
Waiting for application shutdown.
Application shutdown complete.
Finished server process [7796]
Started server process [16072]
Waiting for application startup.
Application startup complete.
Shutting down
Waiting for application shutdown.
Application shutdown complete.
Finished server process [16072]
Started server process [8232]
Waiting for application startup.
Application startup complete.
Shutting down
Waiting for application shutdown.
Application shutdown complete.
Finished server process [8232]
Started server process [8712]
Waiting for application startup.
Application startup complete.
Shutting down
Waiting for application shutdown.
Application shutdown complete.
Finished server process [8712]
Started server process [17232]
Waiting for application startup.
Application startup complete.
Shutting down
Waiting for application shutdown.
Application shutdown complete.
Finished server process [17232]
Started server process [14280]
Waiting for application startup.
Application startup complete.
ASGI 'lifespan' protocol appears unsupported.
Started server process [14828]
Waiting for application startup.
Application startup complete.
Shutting down
Waiting for application shutdown.
Application shutdown complete.
Finished server process [14828]
Started server process [12808]
Waiting for application startup.
Application startup complete.
Shutting down
Waiting for application shutdown.
Application shutdown complete.
Finished server process [12808]
Started server process [13088]
Waiting for application startup.
Application startup complete.
Shutting down
Waiting for application shutdown.
Application shutdown complete.
Finished server process [13088]
Started server process [2256]
Waiting for application startup.
Application startup complete.
Shutting down
Waiting for application shutdown.
Application shutdown complete.
Finished server process [2256]
Started server process [916]
Waiting for application startup.
Application startup complete.
